  main.cpp
c:\users\yys\desktop\opt\pt\pt\pt\camera.h(18): warning C4244: “初始化”: 从“double”转换到“float”，可能丢失数据
c:\users\yys\desktop\opt\pt\pt\pt\primitive.h(29): warning C4305: “初始化”: 从“double”到“float”截断
c:\users\yys\desktop\opt\pt\pt\pt\primitive.h(38): warning C4244: “=”: 从“double”转换到“float”，可能丢失数据
c:\users\yys\desktop\opt\pt\pt\pt\primitive.h(77): warning C4305: “参数”: 从“double”到“float”截断
c:\users\yys\desktop\opt\pt\pt\pt\primitive.h(81): warning C4305: “参数”: 从“double”到“float”截断
c:\users\yys\desktop\opt\pt\pt\pt\primitive.h(84): warning C4305: “参数”: 从“double”到“float”截断
c:\users\yys\desktop\opt\pt\pt\pt\primitive.h(88): warning C4305: “参数”: 从“double”到“float”截断
c:\users\yys\desktop\opt\pt\pt\pt\primitive.h(109): warning C4244: “初始化”: 从“double”转换到“float”，可能丢失数据
c:\users\yys\desktop\opt\pt\pt\pt\primitive.h(114): warning C4244: “=”: 从“double”转换到“float”，可能丢失数据
c:\users\yys\desktop\opt\pt\pt\pt\bvh.h(15): warning C4305: “参数”: 从“double”到“float”截断
c:\users\yys\desktop\opt\pt\pt\pt\bvh.h(55): warning C4554: “>>”: 检查运算符优先级是否存在的可能的错误；使用括号阐明优先级
c:\users\yys\desktop\opt\pt\pt\pt\bvh.h(61): warning C4554: “>>”: 检查运算符优先级是否存在的可能的错误；使用括号阐明优先级
c:\users\yys\desktop\opt\pt\pt\pt\bvh.h(67): warning C4554: “>>”: 检查运算符优先级是否存在的可能的错误；使用括号阐明优先级
c:\users\yys\desktop\opt\pt\pt\pt\bvh.h(77): warning C4305: “初始化”: 从“double”到“float”截断
c:\users\yys\desktop\opt\pt\pt\pt\main.cpp(30): warning C4244: “初始化”: 从“double”转换到“float”，可能丢失数据
c:\users\yys\desktop\opt\pt\pt\pt\main.cpp(55): warning C4305: “参数”: 从“double”到“float”截断
c:\users\yys\desktop\opt\pt\pt\pt\main.cpp(62): warning C4267: “参数”: 从“size_t”转换到“int”，可能丢失数据
  正在生成代码
  1 of 796 functions ( 0.1%) were compiled, the rest were copied from previous compilation.
    0 functions were new in current compilation
    0 functions had inline decision re-evaluated but remain unchanged
  已完成代码的生成
  pt.vcxproj -> C:\Users\yys\Desktop\opt\pt\pt\x64\Release\pt.exe
